\BOOKMARK [0][-]{chapter.1}{Introduction}{}% 1
\BOOKMARK [1][-]{section.1.1}{Project Outline}{chapter.1}% 2
\BOOKMARK [1][-]{section.1.2}{Motivation}{chapter.1}% 3
\BOOKMARK [1][-]{section.1.3}{Aim}{chapter.1}% 4
\BOOKMARK [1][-]{section.1.4}{WebGL Background}{chapter.1}% 5
\BOOKMARK [1][-]{section.1.5}{Outline of report}{chapter.1}% 6
\BOOKMARK [0][-]{chapter.2}{Language Tutorial}{}% 7
\BOOKMARK [1][-]{section.2.1}{Getting Started}{chapter.2}% 8
\BOOKMARK [1][-]{section.2.2}{Variables and Arithmetic operators}{chapter.2}% 9
\BOOKMARK [1][-]{section.2.3}{If statement and comparitive operators}{chapter.2}% 10
\BOOKMARK [1][-]{section.2.4}{Modifying Operators}{chapter.2}% 11
\BOOKMARK [1][-]{section.2.5}{Functions and Scope}{chapter.2}% 12
\BOOKMARK [0][-]{chapter.3}{Language Reference Manual}{}% 13
\BOOKMARK [0][-]{chapter.4}{Project Plan}{}% 14
\BOOKMARK [0][-]{chapter.5}{Language Evolution}{}% 15
\BOOKMARK [0][-]{chapter.6}{Compiler Architecture}{}% 16
\BOOKMARK [1][-]{section.6.1}{Overview}{chapter.6}% 17
\BOOKMARK [1][-]{section.6.2}{Lexer and Parser}{chapter.6}% 18
\BOOKMARK [2][-]{subsection.6.2.1}{Introduction}{section.6.2}% 19
\BOOKMARK [2][-]{subsection.6.2.2}{Initial steps}{section.6.2}% 20
\BOOKMARK [2][-]{subsection.6.2.3}{Design}{section.6.2}% 21
\BOOKMARK [1][-]{section.6.3}{Code Generator}{chapter.6}% 22
\BOOKMARK [1][-]{section.6.4}{Abstract Machine}{chapter.6}% 23
\BOOKMARK [1][-]{section.6.5}{Shader Manager}{chapter.6}% 24
\BOOKMARK [2][-]{subsection.6.5.1}{Introduction}{section.6.5}% 25
\BOOKMARK [2][-]{subsection.6.5.2}{Definitions}{section.6.5}% 26
\BOOKMARK [2][-]{subsection.6.5.3}{Requirements}{section.6.5}% 27
\BOOKMARK [2][-]{subsection.6.5.4}{Design Process and Issues}{section.6.5}% 28
\BOOKMARK [2][-]{subsection.6.5.5}{Usage}{section.6.5}% 29
\BOOKMARK [2][-]{subsection.6.5.6}{Future Changes and Evaluation}{section.6.5}% 30
\BOOKMARK [1][-]{section.6.6}{Module Fa\347ade}{chapter.6}% 31
\BOOKMARK [2][-]{subsection.6.6.1}{Introduction}{section.6.6}% 32
\BOOKMARK [2][-]{subsection.6.6.2}{Implementation Process}{section.6.6}% 33
\BOOKMARK [0][-]{chapter.7}{Development Environment}{}% 34
\BOOKMARK [1][-]{section.7.1}{Source Management and Revision Control}{chapter.7}% 35
\BOOKMARK [1][-]{section.7.2}{Development Tools}{chapter.7}% 36
\BOOKMARK [1][-]{section.7.3}{Build Management}{chapter.7}% 37
\BOOKMARK [1][-]{section.7.4}{Continuous Integration and Quality Metrics}{chapter.7}% 38
\BOOKMARK [0][-]{chapter.8}{Online IDE}{}% 39
\BOOKMARK [1][-]{section.8.1}{Design Process}{chapter.8}% 40
\BOOKMARK [1][-]{section.8.2}{Implementation}{chapter.8}% 41
\BOOKMARK [1][-]{section.8.3}{Evaluation}{chapter.8}% 42
\BOOKMARK [0][-]{chapter.9}{Test Plan and test suites}{}% 43
\BOOKMARK [0][-]{chapter.10}{Conclusion}{}% 44
\BOOKMARK [1][-]{section.10.1}{Contributions}{chapter.10}% 45
\BOOKMARK [2][-]{subsection.10.1.1}{Report}{section.10.1}% 46
\BOOKMARK [2][-]{subsection.10.1.2}{Program}{section.10.1}% 47
\BOOKMARK [0][-]{appendix.A}{Appendix A: Source Listing}{}% 48
